2023-09-06 10:22:33,766 =============================================================
2023-09-06 10:22:33,767 =============================================================
2023-09-06 10:22:33,767 Today is 2023-09-06 at 10:22 AM
2023-09-06 10:22:33,786 This file is running on: nt Windows 10
2023-09-06 10:22:33,786 The Python version is: 3.11.4
2023-09-06 10:22:33,786 The active conda environment is:  None
2023-09-06 10:22:33,786 The active pip environment is:    None
2023-09-06 10:22:33,787 The active environment path is:   C:\Users\healt\AppData\Local\Programs\Python\Python311
2023-09-06 10:22:33,787 The current working directory is: C:\Users\healt\Documents\DataAnalyticsFundamentals\datafun-03-datatypes
2023-09-06 10:22:33,787 This source file is in:           c:\Users\healt\Documents\DataAnalyticsFundamentals\datafun-03-datatypes
2023-09-06 10:22:33,787 =============================================================
2023-09-06 10:22:33,787 =============================================================
2023-09-06 10:22:33,787 Calling functions from main block
2023-09-06 10:22:33,787 score_list: [105, 129, 87, 86, 111, 111, 89, 81, 108, 92, 110, 100, 75, 105, 103, 109, 76, 119, 99, 91, 103, 129, 106, 101, 84, 111, 74, 87, 86, 103, 103, 106, 86, 111, 75, 87, 102, 121, 111, 88, 89, 101, 106, 95, 103, 107, 101, 81, 109, 104]
2023-09-06 10:22:33,788 mean: 99.12
2023-09-06 10:22:33,788 median: 102.5
2023-09-06 10:22:33,788 mode: 111
2023-09-06 10:22:33,788 stdev: 13.388450703681062
2023-09-06 10:22:33,788 variance: 179.25061224489795
2023-09-06 10:22:33,788 xtimes_list: [1, 2, 3, 4, 5, 6, 7, 8, 9, 10, 11, 12]
2023-09-06 10:22:33,788 yvalues_list: [2, 5, 8, 20, 21, 23, 24, 27, 30, 31, 31, 32]
2023-09-06 10:22:33,788 correlation between x and y: 0.9436710692038198
2023-09-06 10:22:33,788 The equation of the best fit line is: y = 2.7762237762237763x + 3.121212121212121
2023-09-06 10:22:33,788 We predict that when x = 18.0, y will be about 53.0932400932401
2023-09-06 10:22:33,788 Given score list: [105, 129, 87, 86, 111, 111, 89, 81, 108, 92, 110, 100, 75, 105, 103, 109, 76, 119, 99, 91, 103, 129, 106, 101, 84, 111, 74, 87, 86, 103, 103, 106, 86, 111, 75, 87, 102, 121, 111, 88, 89, 101, 106, 95, 103, 107, 101, 81, 109, 104]
2023-09-06 10:22:33,788 The max() is 129
2023-09-06 10:22:33,788 The min() is 74
2023-09-06 10:22:33,788 The len() is 50
2023-09-06 10:22:33,788 The sum() is 4956
2023-09-06 10:22:33,788 The average is 99.12
2023-09-06 10:22:33,788 Given score list: [105, 129, 87, 86, 111, 111, 89, 81, 108, 92, 110, 100, 75, 105, 103, 109, 76, 119, 99, 91, 103, 129, 106, 101, 84, 111, 74, 87, 86, 103, 103, 106, 86, 111, 75, 87, 102, 121, 111, 88, 89, 101, 106, 95, 103, 107, 101, 81, 109, 104]
2023-09-06 10:22:33,788 Using the built-it function sorted(lst) gives: [74, 75, 75, 76, 81, 81, 84, 86, 86, 86, 87, 87, 87, 88, 89, 89, 91, 92, 95, 99, 100, 101, 101, 101, 102, 103, 103, 103, 103, 103, 104, 105, 105, 106, 106, 106, 107, 108, 109, 109, 110, 111, 111, 111, 111, 111, 119, 121, 129, 129]
2023-09-06 10:22:33,788 Using the built-in function sorted(lst,reverse=True) gives: [129, 129, 121, 119, 111, 111, 111, 111, 111, 110, 109, 109, 108, 107, 106, 106, 106, 105, 105, 104, 103, 103, 103, 103, 103, 102, 101, 101, 101, 100, 99, 95, 92, 91, 89, 89, 88, 87, 87, 87, 86, 86, 86, 84, 81, 81, 76, 75, 75, 74]
2023-09-06 10:22:33,788 new_scores is: [129, 129, 121, 119, 111, 111, 111, 111, 111, 110, 109, 109, 108, 107, 106, 106, 106, 105, 105, 104, 103, 103, 103, 103, 103, 102, 101, 101, 101, 100, 99, 95, 92, 91, 89, 89, 88, 87, 87, 87, 86, 86, 86, 84, 81, 81, 76, 75, 75, 74]
2023-09-06 10:22:33,788 Popped the first (index=0): 129 and now, new_scores is: [129, 121, 119, 111, 111, 111, 111, 111, 110, 109, 109, 108, 107, 106, 106, 106, 105, 105, 104, 103, 103, 103, 103, 103, 102, 101, 101, 101, 100, 99, 95, 92, 91, 89, 89, 88, 87, 87, 87, 86, 86, 86, 84, 81, 81, 76, 75, 75, 74]
2023-09-06 10:22:33,788 Popped the last (index=-1): 74 and now, new_scores is: [129, 121, 119, 111, 111, 111, 111, 111, 110, 109, 109, 108, 107, 106, 106, 106, 105, 105, 104, 103, 103, 103, 103, 103, 102, 101, 101, 101, 100, 99, 95, 92, 91, 89, 89, 88, 87, 87, 87, 86, 86, 86, 84, 81, 81, 76, 75, 75]
2023-09-06 10:22:33,789 Popped the fourth (index=3): 111 and now, new_scores is: [129, 121, 119, 111, 111, 111, 111, 110, 109, 109, 108, 107, 106, 106, 106, 105, 105, 104, 103, 103, 103, 103, 103, 102, 101, 101, 101, 100, 99, 95, 92, 91, 89, 89, 88, 87, 87, 87, 86, 86, 86, 84, 81, 81, 76, 75, 75]
2023-09-06 10:22:33,789 Score list: [129, 129, 121, 119, 111, 111, 111, 111, 111, 110, 109, 109, 108, 107, 106, 106, 106, 105, 105, 104, 103, 103, 103, 103, 103, 102, 101, 101, 101, 100, 99, 95, 92, 91, 89, 89, 88, 87, 87, 87, 86, 86, 86, 84, 81, 81, 76, 75, 75, 74]
2023-09-06 10:22:33,789 Scores over 100: [129, 129, 121, 119, 111, 111, 111, 111, 111, 110, 109, 109, 108, 107, 106, 106, 106, 105, 105, 104, 103, 103, 103, 103, 103, 102, 101, 101, 101]
2023-09-06 10:22:33,789 Doubled scores: [258, 258, 242, 238, 222, 222, 222, 222, 222, 220, 218, 218, 216, 214, 212, 212, 212, 210, 210, 208, 206, 206, 206, 206, 206, 204, 202, 202, 202, 200, 198, 190, 184, 182, 178, 178, 176, 174, 174, 174, 172, 172, 172, 168, 162, 162, 152, 150, 150, 148]
2023-09-06 10:22:33,789 Square root of scores: [11.357816691600547, 11.357816691600547, 11.0, 10.908712114635714, 10.535653752852738, 10.535653752852738, 10.535653752852738, 10.535653752852738, 10.535653752852738, 10.488088481701515, 10.44030650891055, 10.44030650891055, 10.392304845413264, 10.344080432788601, 10.295630140987, 10.295630140987, 10.295630140987, 10.246950765959598, 10.246950765959598, 10.198039027185569, 10.14889156509222, 10.14889156509222, 10.14889156509222, 10.14889156509222, 10.14889156509222, 10.099504938362077, 10.04987562112089, 10.04987562112089, 10.04987562112089, 10.0, 9.9498743710662, 9.746794344808963, 9.591663046625438, 9.539392014169456, 9.433981132056603, 9.433981132056603, 9.38083151964686, 9.327379053088816, 9.327379053088816, 9.327379053088816, 9.273618495495704, 9.273618495495704, 9.273618495495704, 9.16515138991168, 9.0, 9.0, 8.717797887081348, 8.660254037844387, 8.660254037844387, 8.602325267042627]
2023-09-06 10:22:33,789 Radius list: [1, 2, 3, 4, 5]
2023-09-06 10:22:33,789 Area of circles: [3.141592653589793, 12.566370614359172, 28.274333882308138, 50.26548245743669, 78.53981633974483]
2023-09-06 10:22:33,789 Score list: [129, 129, 121, 119, 111, 111, 111, 111, 111, 110, 109, 109, 108, 107, 106, 106, 106, 105, 105, 104, 103, 103, 103, 103, 103, 102, 101, 101, 101, 100, 99, 95, 92, 91, 89, 89, 88, 87, 87, 87, 86, 86, 86, 84, 81, 81, 76, 75, 75, 74]
2023-09-06 10:22:33,789 Scores over 100 (using list comprehensions!): [129, 129, 121, 119, 111, 111, 111, 111, 111, 110, 109, 109, 108, 107, 106, 106, 106, 105, 105, 104, 103, 103, 103, 103, 103, 102, 101, 101, 101]
2023-09-06 10:22:33,789 Scores under 42 (using list comprehensions!): []
2023-09-06 10:22:33,789 Doubled scores (using list comprehensions!): [258, 258, 242, 238, 222, 222, 222, 222, 222, 220, 218, 218, 216, 214, 212, 212, 212, 210, 210, 208, 206, 206, 206, 206, 206, 204, 202, 202, 202, 200, 198, 190, 184, 182, 178, 178, 176, 174, 174, 174, 172, 172, 172, 168, 162, 162, 152, 150, 150, 148]
2023-09-06 10:22:33,789 Given radius_list: [1, 2, 3, 4, 5]
2023-09-06 10:22:33,789 Area of circles: [3.141592653589793, 12.566370614359172, 28.274333882308138, 50.26548245743669, 78.53981633974483]
2023-09-06 10:22:33,789 Circumference of circles: [6.283185307179586, 12.566370614359172, 18.84955592153876, 25.132741228718345, 31.41592653589793]
2023-09-06 10:22:33,789 Mastering comprehesions is a valuable skill for data scientists.
2023-09-06 10:22:33,789 Given numbers: [1, 2, 3, 4]
2023-09-06 10:22:33,789 Squares of numbers using [x ** 2 for x in numbers] is [1, 4, 9, 16]
2023-09-06 10:22:33,789 Add more logging statements to the code to see what happens.
2023-09-06 10:22:33,789 Explore enough to understand.
2023-09-06 10:22:33,789 Apply these skills to your own topic domain.
