2023-09-06 11:00:50,857 =============================================================
2023-09-06 11:00:50,857 =============================================================
2023-09-06 11:00:50,857 Today is 2023-09-06 at 11:00 AM
2023-09-06 11:00:50,875 This file is running on: nt Windows 10
2023-09-06 11:00:50,875 The Python version is: 3.11.4
2023-09-06 11:00:50,875 The active conda environment is:  None
2023-09-06 11:00:50,875 The active pip environment is:    None
2023-09-06 11:00:50,875 The active environment path is:   C:\Users\healt\AppData\Local\Programs\Python\Python311
2023-09-06 11:00:50,875 The current working directory is: C:\Users\healt\Documents\DataAnalyticsFundamentals\datafun-03-datatypes
2023-09-06 11:00:50,875 This source file is in:           c:\Users\healt\Documents\DataAnalyticsFundamentals\datafun-03-datatypes
2023-09-06 11:00:50,875 =============================================================
2023-09-06 11:00:50,875 =============================================================
2023-09-06 11:00:50,875 Calling functions from main block
2023-09-06 11:00:50,875 tupleA = (1, 2, 3, 4, 5)
2023-09-06 11:00:50,875 tupleB = (4, 5, 6, 7, 8)
2023-09-06 11:00:50,875 tupleA = (1, 2, 3, 4, 5)
2023-09-06 11:00:50,875 tupleB = (4, 5, 6, 7, 8)
2023-09-06 11:00:50,875 tupleCat = (1, 2, 3, 4, 5, 4, 5, 6, 7, 8)
2023-09-06 11:00:50,875 tupleAThrice = (1, 2, 3, 4, 5, 1, 2, 3, 4, 5, 1, 2, 3, 4, 5)
2023-09-06 11:00:50,875 ===== Membership Test =====
2023-09-06 11:00:50,875 hasOne = True
2023-09-06 11:00:50,875 hasFour = False
2023-09-06 11:00:50,876 ===== Tuple Indexing =====
2023-09-06 11:00:50,876 first = 1
2023-09-06 11:00:50,876 second = 2
2023-09-06 11:00:50,876 third = 3
2023-09-06 11:00:50,876 last = 3
2023-09-06 11:00:50,876 Quotient: 3, Remainder: 1
2023-09-06 11:00:50,876 setA = {1, 2, 3, 4, 5}
2023-09-06 11:00:50,876 setB = {4, 5, 6, 7, 8}
2023-09-06 11:00:50,876 setC = {1, 2, 3, 4, 5, 6, 7, 8}
2023-09-06 11:00:50,876 setD = {4, 5}
2023-09-06 11:00:50,876 setE = {1, 2, 3}
2023-09-06 11:00:50,876 setF = {1, 2, 3, 6, 7, 8}
2023-09-06 11:00:50,876 dogA_dict = {'name': 'Rex', 'age': 2, 'weight_kg': 13.4}
2023-09-06 11:00:50,876 dogB_dict = {'name': 'Fido', 'age': 3, 'weight_kg': 15.2}
2023-09-06 11:00:50,876 assessment_dict = {'low': 0, 'medium': 1, 'high': 2}
2023-09-06 11:00:50,876 data_dict = {'name': ['Alice', 'Bob', 'Charlie', 'David'], 'age': [25, 30, 35, 40], 'income': [50000, 60000, 70000, 80000]}
2023-09-06 11:00:50,876 Word count is a good way to begin processing text.
2023-09-06 11:00:50,876 Given text_simple.txt, the word_counts_dict = {'One': 1, 'fish': 3, 'two': 1, 'red': 1, 'blue': 1, 'fish.': 1}
2023-09-06 11:00:50,876 Given text_simple.txt and comprehensions,
2023-09-06 11:00:50,877 the the word_counts_dict2 = {'One': 1, 'fish': 3, 'two': 1, 'red': 1, 'blue': 1, 'fish.': 1}
2023-09-06 11:00:50,877 Add more logging statements to the code to see what happens.
2023-09-06 11:00:50,877 Explore enough to understand.
2023-09-06 11:00:50,877 Apply these skills to your own topic domain.
