2023-09-07 11:44:01,417 =============================================================
2023-09-07 11:44:01,417 =============================================================
2023-09-07 11:44:01,417 Today is 2023-09-07 at 11:44 AM
2023-09-07 11:44:01,437 This file is running on: nt Windows 10
2023-09-07 11:44:01,437 The Python version is: 3.11.4
2023-09-07 11:44:01,437 The active conda environment is:  None
2023-09-07 11:44:01,437 The active pip environment is:    None
2023-09-07 11:44:01,437 The active environment path is:   C:\Users\healt\AppData\Local\Programs\Python\Python311
2023-09-07 11:44:01,437 The current working directory is: C:\Users\healt\Documents\DataAnalyticsFundamentals\datafun-03-datatypes
2023-09-07 11:44:01,437 This source file is in:           c:\Users\healt\Documents\DataAnalyticsFundamentals\datafun-03-datatypes
2023-09-07 11:44:01,437 =============================================================
2023-09-07 11:44:01,437 =============================================================
2023-09-07 11:44:01,437 ===== Lists =====
2023-09-07 11:44:01,437 list1 = [17, 16, 10, 12, 21, 16, 18, 18, 24, 30, 11, 12, 29, 10, 29, 11, 13, 23, 28, 17, 16, 28, 30, 29, 16]
2023-09-07 11:44:01,437 listx = range(0, 10)
2023-09-07 11:44:01,437 listy = [170, 226, 228, 232, 235, 244, 253, 253, 261, 344]
2023-09-07 11:44:01,437 
2023-09-07 11:44:01,438 ===== Basic Measures of Central Tendancy and Difference =====
2023-09-07 11:44:01,438 mean = 19.36
2023-09-07 11:44:01,438 med = 17
2023-09-07 11:44:01,438 mode = 16
2023-09-07 11:44:01,438 var = 50.656666666666666
2023-09-07 11:44:01,438 stdev = 7.11734969399893
2023-09-07 11:44:01,438 
2023-09-07 11:44:01,438 ===== Correlation and Prediction for Bivariate Data =====
2023-09-07 11:44:01,439 The correlation between listx and listy = 0.854632759958725.
2023-09-07 11:44:01,439 When x = 15, y should be approximately 372.3818181818182.
2023-09-07 11:44:01,439 
2023-09-07 11:44:01,439 ===== Basic Univariate Statistical Operations =====
2023-09-07 11:44:01,439 lowest = 10
2023-09-07 11:44:01,439 highest = 30
2023-09-07 11:44:01,439 count = 25
2023-09-07 11:44:01,439 total = 484
2023-09-07 11:44:01,439 avg = 19.36
2023-09-07 11:44:01,439 unique_values = {10, 11, 12, 13, 16, 17, 18, 21, 23, 24, 28, 29, 30}
2023-09-07 11:44:01,439 low_to_high = [10, 10, 11, 11, 12, 12, 13, 16, 16, 16, 16, 17, 17, 18, 18, 21, 23, 24, 28, 28, 29, 29, 29, 30, 30]
2023-09-07 11:44:01,439 high_to_low = [30, 30, 29, 29, 29, 28, 28, 24, 23, 21, 18, 18, 17, 17, 16, 16, 16, 16, 13, 12, 12, 11, 11, 10, 10]
2023-09-07 11:44:01,439 
2023-09-07 11:44:01,439 ===== List Methods =====
2023-09-07 11:44:01,439 Beginning list: [2, 3, 8, 6, 5, 8, 1, 3, 3, 6]
2023-09-07 11:44:01,439 List after appending: [2, 3, 8, 6, 5, 8, 1, 3, 3, 6, 8]
2023-09-07 11:44:01,439 List after extending: [2, 3, 8, 6, 5, 8, 1, 3, 3, 6, 8, 4, 7, 4]
2023-09-07 11:44:01,439 List after inserting 8 at index 7: [2, 3, 8, 6, 5, 8, 1, 8, 3, 3, 6, 8, 4, 7, 4]
2023-09-07 11:44:01,439 List after removing first 5: [2, 3, 8, 6, 8, 1, 8, 3, 3, 5, 6, 8, 4, 7, 4]
2023-09-07 11:44:01,439 Number of 2s: 1
2023-09-07 11:44:01,439 List after sorting forwards (L to H): [1, 2, 3, 3, 3, 4, 4, 5, 6, 6, 7, 8, 8, 8, 8]
2023-09-07 11:44:01,439 List after sorting backwards (H to L): [8, 8, 8, 8, 7, 6, 6, 5, 4, 4, 3, 3, 3, 2, 1]
2023-09-07 11:44:01,439 Original list: [8, 8, 8, 8, 7, 6, 6, 5, 4, 4, 3, 3, 3, 2, 1]
2023-09-07 11:44:01,439 Copied list: [8, 8, 8, 8, 7, 6, 6, 5, 4, 4, 3, 3, 3, 2, 1]
2023-09-07 11:44:01,439 List after popping 8 from beginning of list: [8, 8, 8, 7, 6, 6, 5, 4, 4, 3, 3, 3, 2, 1]
2023-09-07 11:44:01,439 List after popping 1 from end of list: [8, 8, 8, 7, 6, 6, 5, 4, 4, 3, 3, 3, 2]
2023-09-07 11:44:01,439 
2023-09-07 11:44:01,439 ===== Filter and Map =====
2023-09-07 11:44:01,440 List of values greater than 14 in list1: [10, 12, 11, 12, 10, 11, 13]
2023-09-07 11:44:01,440 List of even values in list1: [16, 10, 12, 16, 18, 18, 24, 30, 12, 10, 28, 16, 28, 30, 16]
2023-09-07 11:44:01,440 List of cube roots of all numbers in list1: [2.571281590658235, 2.5198420997897464, 2.154434690031884, 2.2894284851066637, 2.7589241763811203, 2.5198420997897464, 2.6207413942088964, 2.6207413942088964, 2.8844991406148166, 3.1072325059538586, 2.2239800905693152, 2.2894284851066637, 3.072316825685847, 2.154434690031884, 3.072316825685847, 2.2239800905693152, 2.3513346877207573, 2.8438669798515654, 3.0365889718756622, 2.571281590658235, 2.5198420997897464, 3.0365889718756622, 3.1072325059538586, 3.072316825685847, 2.5198420997897464]
2023-09-07 11:44:01,440 The volume of a cube with side lengths of each value in list1: [4913, 4096, 1000, 1728, 9261, 4096, 5832, 5832, 13824, 27000, 1331, 1728, 24389, 1000, 24389, 1331, 2197, 12167, 21952, 4913, 4096, 21952, 27000, 24389, 4096]
2023-09-07 11:44:01,440 
2023-09-07 11:44:01,440 ===== List Comprehentions =====
2023-09-07 11:44:01,440 Numbers less than 14: [10, 12, 11, 12, 10, 11, 13]
2023-09-07 11:44:01,440 List times 3: [51, 48, 30, 36, 63, 48, 54, 54, 72, 90, 33, 36, 87, 30, 87, 33, 39, 69, 84, 51, 48, 84, 90, 87, 48]
2023-09-07 11:44:01,440 Here is how far each number in list1 is away from 21: [4, 5, 11, 9, 0, 5, 3, 3, 3, 9, 10, 9, 8, 11, 8, 10, 8, 2, 7, 4, 5, 7, 9, 8, 5]
